<?xml version="1.0" encoding="UTF-8"?>
<testng-results skipped="0" failed="0" ignored="0" total="0" passed="0">
  <reporter-output>
  </reporter-output>
  <suite name="Default suite" duration-ms="409" started-at="2020-05-19T12:48:56Z" finished-at="2020-05-19T12:48:56Z">
    <groups>
      <group name="cucumber">
        <method signature="AbstractTestNGCucumberTests.runScenario(io.cucumber.testng.PickleWrapper, io.cucumber.testng.FeatureWrapper)[pri:0, instance:runner.base.master.DepartmentTest@4ae82894]" name="runScenario" class="io.cucumber.testng.AbstractTestNGCucumberTests"/>
      </group> <!-- cucumber -->
    </groups>
    <test name="Default test" duration-ms="409" started-at="2020-05-19T12:48:56Z" finished-at="2020-05-19T12:48:56Z">
      <class name="runner.base.master.DepartmentTest">
        <test-method status="PASS" signature="setUpClass()[pri:0, instance:runner.base.master.DepartmentTest@4ae82894]" name="setUpClass" is-config="true" duration-ms="377" started-at="2020-05-19T12:48:56Z" finished-at="2020-05-19T12:48:56Z">
          <reporter-output>
          </reporter-output>
        </test-method> <!-- setUpClass -->
        <test-method status="PASS" signature="tearDownClass()[pri:0, instance:runner.base.master.DepartmentTest@4ae82894]" name="tearDownClass" is-config="true" duration-ms="3" started-at="2020-05-19T12:48:56Z" finished-at="2020-05-19T12:48:56Z">
          <reporter-output>
          </reporter-output>
        </test-method> <!-- tearDownClass -->
      </class> <!-- runner.base.master.DepartmentTest -->
    </test> <!-- Default test -->
  </suite> <!-- Default suite -->
</testng-results>
