<?xml version="1.0" encoding="UTF-8"?>
<!-- Generated by org.testng.reporters.JUnitXMLReporter -->
<testsuite hostname="manish-Latitude-3460" ignored="0" name="ObservationVitalFormTest" tests="4" failures="0" timestamp="27 May 2020 08:49:17 GMT" time="186.348" errors="0">
  <testcase name="runScenario" time="50.589" classname="io.cucumber.testng.AbstractTestNGCucumberTests"/>
  <testcase name="runScenario" time="40.388" classname="io.cucumber.testng.AbstractTestNGCucumberTests"/>
  <testcase name="runScenario" time="46.31" classname="io.cucumber.testng.AbstractTestNGCucumberTests"/>
  <testcase name="runScenario" time="48.221" classname="io.cucumber.testng.AbstractTestNGCucumberTests"/>
</testsuite> <!-- ObservationVitalFormTest -->
