<?xml version="1.0" encoding="UTF-8"?>
<!-- Generated by org.testng.reporters.JUnitXMLReporter -->
<testsuite hostname="manish-Latitude-3460" ignored="0" name="Test" tests="1" failures="1" timestamp="27 May 2020 06:33:10 GMT" time="153.535" errors="0">
  <testcase name="runScenario" time="152.823" classname="io.cucumber.testng.AbstractTestNGCucumberTests">
    <failure type="io.cucumber.testng.UndefinedStepException" message="The step &amp;quot;Login with user &amp;quot;InstaAdmin&amp;quot; and password &amp;quot;Nmc@123&amp;quot;&amp;quot; is undefined. You can implement it using the snippet(s) below:

@Given(&amp;quot;Login with user {string} and password {string}&amp;quot;)
public void login_with_user_and_password(String string, String string2) {
    // Write code here that turns the phrase above into concrete actions
    throw new io.cucumber.java.PendingException();
}
">
      <![CDATA[io.cucumber.testng.UndefinedStepException: The step "Login with user "InstaAdmin" and password "Nmc@123"" is undefined. You can implement it using the snippet(s) below:

@Given("Login with user {string} and password {string}")
public void login_with_user_and_password(String string, String string2) {
    // Write code here that turns the phrase above into concrete actions
    throw new io.cucumber.java.PendingException();
}

at io.cucumber.testng.TestCaseResultObserver.assertTestCasePassed(TestCaseResultObserver.java:112)
at io.cucumber.testng.TestNGCucumberRunner.runScenario(TestNGCucumberRunner.java:125)
at io.cucumber.testng.AbstractTestNGCucumberTests.runScenario(AbstractTestNGCucumberTests.java:29)
... Removed 25 stack frames]]>
    </failure>
  </testcase> <!-- runScenario -->
</testsuite> <!-- Test -->
